<?xml version="1.0" encoding="UTF-8" ?>
<testsuite errors="0" failures="0" hostname="hp-ubuntu" name="NewGameTest" tests="4" time="0.21" timestamp="2013-09-12T16:11:15">
  <properties>
[...]
</properties>
  <testcase classname="NewGameTest" name="isCheck" time="0.011" />
  <testcase classname="NewGameTest" name="isMate" time="0.001" />
  <testcase classname="NewGameTest" name="kingsAreInPlace" time="0.0" />
  <testcase classname="NewGameTest" name="isWhitesTurn" time="0.001" />
  <system-out><![CDATA[]]></system-out>
  <system-err><![CDATA[]]></system-err>
</testsuite>
